<?xml version="1.0" encoding="UTF-8"?>
<!-- Generated by org.testng.reporters.JUnitReportReporter -->
<testsuite hostname="LAPTOP-DR1P4N5S" failures="0" tests="1" name="Selenium.KeywordDrivenexample" time="19.207" errors="0" timestamp="3 Aug 2022 05:20:08 GMT">
  <testcase classname="Selenium.KeywordDrivenexample" name="luanchApp" time="19.207"/>
</testsuite> <!-- Selenium.KeywordDrivenexample -->
