<?xml version="1.0" encoding="UTF-8"?>
<!-- Generated by org.testng.reporters.JUnitReportReporter -->
<testsuite hostname="LAPTOP-DR1P4N5S" failures="0" tests="1" name="Brokenclass" time="356.151" errors="0" timestamp="1 Aug 2022 05:10:50 GMT">
  <testcase classname="Brokenclass" name="brokenlink" time="356.151"/>
</testsuite> <!-- Brokenclass -->
