<?xml version="1.0" encoding="UTF-8"?>
<!-- Generated by org.testng.reporters.JUnitReportReporter -->
<testsuite hostname="LAPTOP-DR1P4N5S" failures="0" tests="1" name="Automation.Maven" time="0.018" errors="0" timestamp="21 Jul 2022 09:20:31 GMT">
  <testcase classname="Automation.Maven" name="practice" time="0.018"/>
</testsuite> <!-- Automation.Maven -->
